<?xml version="1.0" encoding="UTF-8"?>
<!-- Generated by org.testng.reporters.JUnitReportReporter -->
<testsuite hostname="GarciaNava" failures="0" tests="1" name="test.ProductPageTesting" time="0.136" errors="0" timestamp="2021-06-23T10:03:44 ART" skipped="0">
  <testcase classname="test.ProductPageTesting" name="addToCart" time="0.136"/>
  <system-out/>
</testsuite> <!-- test.ProductPageTesting -->
